TN:
SF:src/app.js
FNF:0
FNH:0
DA:1,7
DA:2,7
DA:3,7
DA:4,7
DA:5,7
DA:6,7
DA:8,7
DA:9,7
DA:10,7
DA:11,7
DA:12,7
DA:13,7
DA:14,7
DA:15,7
DA:17,7
DA:19,7
DA:20,7
DA:21,7
DA:23,7
DA:25,7
DA:26,7
DA:27,7
DA:28,7
DA:29,7
DA:30,7
DA:31,7
DA:32,7
DA:34,7
DA:36,7
LF:29
LH:29
BRF:0
BRH:0
end_of_record
TN:
SF:src/api/controllers/AuthController.js
FN:4,register
FN:13,login
FN:32,logout
FNF:3
FNH:2
FNDA:6,register
FNDA:19,login
FNDA:0,logout
DA:1,7
DA:2,7
DA:5,6
DA:6,6
DA:7,3
DA:9,3
DA:14,19
DA:15,19
DA:18,19
DA:19,8
DA:20,11
DA:21,3
DA:23,8
DA:26,16
DA:28,3
DA:35,0
DA:38,7
LF:17
LH:16
BRDA:15,0,0,0
BRDA:18,1,0,8
BRDA:18,1,1,11
BRDA:20,2,0,3
BRDA:20,2,1,8
BRF:5
BRH:4
end_of_record
TN:
SF:src/api/controllers/EstoqueController.js
FN:6,index
FN:25,show
FN:40,entrada
FN:68,saida
FN:95,ajuste
FN:122,movimentacoes
FNF:6
FNH:6
FNDA:1,index
FNDA:4,show
FNDA:2,entrada
FNDA:2,saida
FNDA:2,ajuste
FNDA:3,movimentacoes
DA:1,7
DA:7,1
DA:8,1
DA:9,1
DA:11,1
DA:16,1
DA:18,0
DA:26,4
DA:27,4
DA:28,4
DA:30,4
DA:31,3
DA:33,1
DA:41,2
DA:42,2
DA:43,2
DA:44,2
DA:47,2
DA:51,2
DA:59,1
DA:61,1
DA:69,2
DA:70,2
DA:71,2
DA:72,2
DA:74,2
DA:78,2
DA:86,1
DA:88,1
DA:96,2
DA:97,2
DA:98,2
DA:99,2
DA:101,2
DA:105,2
DA:113,1
DA:115,1
DA:123,3
DA:124,3
DA:125,3
DA:127,3
DA:137,3
DA:139,0
DA:143,7
LF:44
LH:42
BRDA:12,0,0,0
BRDA:12,0,1,1
BRDA:13,1,0,0
BRDA:13,1,1,1
BRDA:47,2,0,2
BRDA:47,2,1,0
BRDA:74,3,0,2
BRDA:74,3,1,0
BRDA:101,4,0,2
BRDA:101,4,1,0
BRDA:129,5,0,1
BRDA:129,5,1,2
BRDA:132,6,0,0
BRDA:132,6,1,3
BRDA:133,7,0,1
BRDA:133,7,1,2
BRF:16
BRH:10
end_of_record
TN:
SF:src/api/controllers/FidelidadeController.js
FN:6,saldo
FN:31,historico
FN:62,resgatar
FNF:3
FNH:3
FNDA:3,saldo
FNDA:3,historico
FNDA:4,resgatar
DA:1,7
DA:7,3
DA:8,3
DA:11,3
DA:12,1
DA:21,2
DA:22,1
DA:24,1
DA:32,3
DA:33,3
DA:35,3
DA:36,0
DA:45,3
DA:47,3
DA:53,3
DA:55,0
DA:63,4
DA:64,4
DA:67,4
DA:68,1
DA:77,3
DA:79,3
DA:80,1
DA:89,2
DA:90,1
DA:92,1
DA:96,7
LF:27
LH:25
BRDA:11,0,0,1
BRDA:11,0,1,2
BRDA:11,1,0,3
BRDA:11,1,1,2
BRDA:35,2,0,0
BRDA:35,2,1,3
BRDA:35,3,0,3
BRDA:35,3,1,3
BRDA:49,4,0,0
BRDA:49,4,1,3
BRDA:50,5,0,0
BRDA:50,5,1,3
BRDA:67,6,0,1
BRDA:67,6,1,3
BRDA:67,7,0,4
BRDA:67,7,1,4
BRDA:79,8,0,1
BRDA:79,8,1,2
BRDA:79,9,0,3
BRDA:79,9,1,2
BRF:20
BRH:17
end_of_record
TN:
SF:src/api/controllers/PedidoController.js
FN:12,store
FN:35,index
FN:67,show
FN:79,atualizarStatus
FN:108,cancelar
FN:125,logs
FNF:6
FNH:5
FNDA:13,store
FNDA:0,index
FNDA:3,show
FNDA:5,atualizarStatus
FNDA:3,cancelar
FNDA:1,logs
DA:1,7
DA:6,7
DA:7,7
DA:13,13
DA:14,13
DA:15,13
DA:16,0
DA:25,13
DA:26,12
DA:28,1
DA:36,0
DA:38,0
DA:41,0
DA:43,0
DA:47,0
DA:58,0
DA:60,0
DA:68,3
DA:69,3
DA:70,2
DA:72,1
DA:80,5
DA:81,5
DA:82,5
DA:83,0
DA:92,5
DA:99,4
DA:101,1
DA:109,3
DA:110,3
DA:111,3
DA:116,1
DA:118,2
DA:126,1
DA:127,1
DA:131,1
DA:133,0
DA:137,7
LF:38
LH:28
BRDA:15,0,0,0
BRDA:15,0,1,13
BRDA:43,1,0,0
BRDA:43,1,1,0
BRDA:48,2,0,0
BRDA:48,2,1,0
BRDA:51,3,0,0
BRDA:51,3,1,0
BRDA:54,4,0,0
BRDA:54,4,1,0
BRDA:55,5,0,0
BRDA:55,5,1,0
BRDA:82,6,0,0
BRDA:82,6,1,5
BRDA:110,7,0,3
BRDA:110,7,1,0
BRF:16
BRH:3
end_of_record
TN:
SF:src/api/controllers/ProdutoController.js
FN:14,index
FN:22,show
FN:29,store
FN:39,update
FN:46,destroy
FN:53,indexSugestoes
FN:61,storeSugestao
FN:72,aprovar
FN:79,negar
FN:87,configurarCardapio
FNF:10
FNH:5
FNDA:3,index
FNDA:2,show
FNDA:4,store
FNDA:2,update
FNDA:1,destroy
FNDA:0,indexSugestoes
FNDA:0,storeSugestao
FNDA:0,aprovar
FNDA:0,negar
FNDA:0,configurarCardapio
DA:12,7
DA:15,3
DA:16,3
DA:17,3
DA:18,3
DA:19,0
DA:23,2
DA:24,2
DA:25,1
DA:26,1
DA:30,4
DA:31,4
DA:34,4
DA:35,4
DA:36,0
DA:40,2
DA:41,2
DA:42,1
DA:43,1
DA:47,1
DA:48,1
DA:49,1
DA:50,0
DA:54,0
DA:55,0
DA:56,0
DA:57,0
DA:58,0
DA:62,0
DA:63,0
DA:68,0
DA:69,0
DA:73,0
DA:74,0
DA:75,0
DA:76,0
DA:80,0
DA:81,0
DA:82,0
DA:83,0
DA:84,0
DA:88,0
DA:89,0
DA:90,0
DA:91,0
DA:92,0
DA:95,7
LF:47
LH:21
BRDA:31,0,0,1
BRDA:31,0,1,3
BRF:2
BRH:2
end_of_record
TN:
SF:src/api/controllers/UnidadeController.js
FN:8,index
FN:15,show
FN:22,store
FN:29,update
FNF:4
FNH:4
FNDA:2,index
FNDA:2,show
FNDA:3,store
FNDA:2,update
DA:6,7
DA:9,2
DA:10,2
DA:11,2
DA:12,0
DA:16,2
DA:17,2
DA:18,1
DA:19,1
DA:23,3
DA:24,3
DA:25,2
DA:26,1
DA:30,2
DA:31,2
DA:32,1
DA:33,1
DA:36,7
LF:18
LH:17
BRF:0
BRH:0
end_of_record
TN:
SF:src/api/middlewares/auth.middleware.js
FN:3,authMiddleware
FN:33,autorizar
FN:34,(anonymous_2)
FNF:3
FNH:3
FNDA:80,authMiddleware
FNDA:175,autorizar
FNDA:72,(anonymous_2)
DA:1,7
DA:4,80
DA:6,80
DA:7,7
DA:16,73
DA:18,73
DA:19,73
DA:20,72
DA:21,72
DA:23,1
DA:34,175
DA:35,72
DA:36,0
DA:45,72
DA:46,9
DA:55,63
DA:59,7
LF:17
LH:16
BRDA:6,0,0,7
BRDA:6,0,1,73
BRDA:6,1,0,80
BRDA:6,1,1,73
BRDA:35,2,0,0
BRDA:35,2,1,72
BRDA:45,3,0,9
BRDA:45,3,1,63
BRF:8
BRH:7
end_of_record
TN:
SF:src/api/middlewares/errorHandler.js
FN:1,errorHandler
FNF:1
FNH:1
FNDA:22,errorHandler
DA:2,22
DA:4,22
DA:12,22
DA:13,0
DA:16,22
DA:19,7
LF:6
LH:5
BRDA:2,0,0,22
BRDA:2,0,1,0
BRDA:5,1,0,22
BRDA:5,1,1,0
BRDA:6,2,0,22
BRDA:6,2,1,0
BRDA:7,3,0,22
BRDA:7,3,1,0
BRDA:12,4,0,0
BRDA:12,4,1,22
BRDA:12,5,0,22
BRDA:12,5,1,22
BRF:12
BRH:7
end_of_record
TN:
SF:src/api/middlewares/logger.js
FN:1,logger
FN:4,(anonymous_1)
FNF:2
FNH:2
FNDA:117,logger
FNDA:117,(anonymous_1)
DA:2,117
DA:4,117
DA:5,117
DA:6,117
DA:11,117
DA:14,7
LF:6
LH:6
BRF:0
BRH:0
end_of_record
TN:
SF:src/api/routes/auth.routes.js
FNF:0
FNH:0
DA:1,7
DA:2,7
DA:3,7
DA:4,7
DA:5,7
DA:66,7
DA:118,7
DA:132,7
DA:134,7
LF:9
LH:9
BRF:0
BRH:0
end_of_record
TN:
SF:src/api/routes/estoque.routes.js
FNF:0
FNH:0
DA:1,7
DA:2,7
DA:3,7
DA:4,7
DA:7,7
DA:9,7
DA:75,7
DA:146,7
DA:191,7
DA:268,7
DA:345,7
DA:410,7
DA:412,7
LF:13
LH:13
BRF:0
BRH:0
end_of_record
TN:
SF:src/api/routes/fidelidade.routes.js
FNF:0
FNH:0
DA:1,7
DA:2,7
DA:3,7
DA:4,7
DA:7,7
DA:9,7
DA:86,7
DA:173,7
DA:268,7
DA:270,7
LF:10
LH:10
BRF:0
BRH:0
end_of_record
TN:
SF:src/api/routes/pagamentos.routes.js
FNF:0
FNH:0
DA:1,7
DA:2,7
DA:4,7
LF:3
LH:3
BRF:0
BRH:0
end_of_record
TN:
SF:src/api/routes/pedidos.routes.js
FNF:0
FNH:0
DA:1,7
DA:2,7
DA:3,7
DA:4,7
DA:17,7
DA:19,7
DA:21,7
DA:23,7
DA:25,7
DA:184,7
DA:264,7
DA:290,7
DA:352,7
DA:402,7
DA:447,7
DA:449,7
LF:16
LH:16
BRF:0
BRH:0
end_of_record
TN:
SF:src/api/routes/produtos.routes.js
FNF:0
FNH:0
DA:1,7
DA:2,7
DA:6,7
DA:7,7
DA:8,7
DA:67,7
DA:89,7
DA:110,7
DA:150,7
DA:170,7
DA:190,7
DA:214,7
DA:234,7
DA:260,7
DA:262,7
LF:15
LH:15
BRF:0
BRH:0
end_of_record
TN:
SF:src/api/routes/unidades.routes.js
FNF:0
FNH:0
DA:1,7
DA:2,7
DA:3,7
DA:4,7
DA:5,7
DA:6,7
DA:26,7
DA:47,7
DA:83,7
DA:103,7
DA:133,7
DA:141,7
LF:12
LH:12
BRF:0
BRH:0
end_of_record
TN:
SF:src/api/routes/usuarios.routes.js
FNF:0
FNH:0
DA:1,7
DA:2,7
DA:4,7
LF:3
LH:3
BRF:0
BRH:0
end_of_record
TN:
SF:src/api/swagger/swagger.config.js
FNF:0
FNH:0
DA:1,7
DA:3,7
DA:110,7
LF:3
LH:3
BRF:0
BRH:0
end_of_record
TN:
SF:src/application/auth/auth.validation.js
FN:25,validar
FN:26,(anonymous_1)
FN:29,(anonymous_2)
FNF:3
FNH:3
FNDA:14,validar
FNDA:28,(anonymous_1)
FNDA:3,(anonymous_2)
DA:1,7
DA:3,7
DA:19,7
DA:26,14
DA:27,28
DA:28,28
DA:29,3
DA:33,3
DA:41,25
DA:42,25
DA:46,7
LF:11
LH:11
BRDA:28,0,0,3
BRDA:28,0,1,25
BRF:2
BRH:2
end_of_record
TN:
SF:src/application/auth/cadastrarUsuario.js
FN:5,cadastrarUsuario
FNF:1
FNH:1
FNDA:6,cadastrarUsuario
DA:1,7
DA:2,7
DA:3,7
DA:6,6
DA:7,6
DA:8,1
DA:13,5
DA:14,5
DA:15,1
DA:20,4
DA:21,1
DA:26,3
DA:28,3
DA:54,3
DA:57,7
LF:15
LH:15
BRDA:7,0,0,1
BRDA:7,0,1,5
BRDA:14,1,0,1
BRDA:14,1,1,4
BRDA:20,2,0,1
BRDA:20,2,1,3
BRDA:36,3,0,3
BRDA:36,3,1,1
BRF:8
BRH:8
end_of_record
TN:
SF:src/application/auth/loginUsuario.js
FN:6,gerarToken
FN:12,loginCliente
FN:45,loginColaborador
FN:80,loginCentral
FNF:4
FNH:4
FNDA:16,gerarToken
FNDA:8,loginCliente
FNDA:8,loginColaborador
FNDA:3,loginCentral
DA:1,7
DA:2,7
DA:3,7
DA:4,7
DA:7,16
DA:13,8
DA:15,8
DA:16,1
DA:19,7
DA:20,7
DA:21,1
DA:24,6
DA:32,6
DA:46,8
DA:48,8
DA:49,0
DA:52,8
DA:53,8
DA:54,1
DA:57,7
DA:66,7
DA:81,3
DA:83,3
DA:84,0
DA:87,3
DA:88,3
DA:89,0
DA:92,3
DA:101,3
DA:115,7
LF:30
LH:27
BRDA:8,0,0,16
BRDA:8,0,1,0
BRDA:15,1,0,1
BRDA:15,1,1,7
BRDA:20,2,0,1
BRDA:20,2,1,6
BRDA:35,3,0,6
BRDA:35,3,1,0
BRDA:48,4,0,0
BRDA:48,4,1,8
BRDA:48,5,0,8
BRDA:48,5,1,8
BRDA:53,6,0,1
BRDA:53,6,1,7
BRDA:69,7,0,7
BRDA:69,7,1,0
BRDA:83,8,0,0
BRDA:83,8,1,3
BRDA:83,9,0,3
BRDA:83,9,1,3
BRDA:88,10,0,0
BRDA:88,10,1,3
BRDA:104,11,0,3
BRDA:104,11,1,0
BRF:24
BRH:17
end_of_record
TN:
SF:src/application/cardapio/cardapio.validation.js
FN:36,validar
FN:37,(anonymous_1)
FN:40,(anonymous_2)
FNF:3
FNH:3
FNDA:35,validar
FNDA:11,(anonymous_1)
FNDA:2,(anonymous_2)
DA:1,7
DA:3,7
DA:12,7
DA:17,7
DA:26,7
DA:31,7
DA:37,35
DA:38,11
DA:39,11
DA:40,2
DA:44,2
DA:52,9
DA:53,9
DA:57,7
LF:14
LH:14
BRDA:39,0,0,2
BRDA:39,0,1,9
BRF:2
BRH:2
end_of_record
TN:
SF:src/application/cardapio/produtoService.js
FN:4,listarProdutos
FN:55,buscarProduto
FN:76,criarProduto
FN:91,(anonymous_3)
FN:104,atualizarProduto
FN:107,(anonymous_5)
FN:111,(anonymous_6)
FN:129,removerProduto
FN:137,aprovarSugestao
FN:151,negarSugestao
FN:165,listarSugestoes
FN:186,criarSugestao
FN:193,configurarCardapioUnidade
FNF:13
FNH:8
FNDA:3,listarProdutos
FNDA:5,buscarProduto
FNDA:4,criarProduto
FNDA:4,(anonymous_3)
FNDA:2,atualizarProduto
FNDA:1,(anonymous_5)
FNDA:2,(anonymous_6)
FNDA:1,removerProduto
FNDA:0,aprovarSugestao
FNDA:0,negarSugestao
FNDA:0,listarSugestoes
FNDA:0,criarSugestao
FNDA:0,configurarCardapioUnidade
DA:1,7
DA:2,7
DA:5,3
DA:7,3
DA:9,3
DA:10,3
DA:12,3
DA:14,3
DA:15,0
DA:23,3
DA:44,3
DA:56,5
DA:72,5
DA:73,3
DA:77,4
DA:78,0
DA:83,4
DA:91,4
DA:105,2
DA:107,1
DA:108,1
DA:109,1
DA:110,1
DA:111,2
DA:115,1
DA:130,1
DA:131,1
DA:138,0
DA:139,0
DA:141,0
DA:142,0
DA:145,0
DA:152,0
DA:153,0
DA:155,0
DA:156,0
DA:159,0
DA:166,0
DA:167,0
DA:168,0
DA:170,0
DA:187,0
DA:194,0
DA:199,0
DA:202,7
LF:45
LH:26
BRDA:4,0,0,3
BRDA:4,1,0,3
BRDA:9,2,0,0
BRDA:9,2,1,3
BRDA:12,3,0,1
BRDA:12,3,1,2
BRDA:14,4,0,0
BRDA:14,4,1,3
BRDA:72,5,0,2
BRDA:72,5,1,3
BRDA:77,6,0,0
BRDA:77,6,1,4
BRDA:77,7,0,4
BRDA:77,7,1,4
BRDA:88,8,0,1
BRDA:88,8,1,3
BRDA:108,9,0,1
BRDA:108,9,1,0
BRDA:108,10,0,1
BRDA:108,10,1,1
BRDA:139,11,0,0
BRDA:139,11,1,0
BRDA:141,12,0,0
BRDA:141,12,1,0
BRDA:153,13,0,0
BRDA:153,13,1,0
BRDA:155,14,0,0
BRDA:155,14,1,0
BRDA:167,15,0,0
BRDA:167,15,1,0
BRDA:168,16,0,0
BRDA:168,16,1,0
BRF:32
BRH:16
end_of_record
TN:
SF:src/application/cardapio/unidadeService.js
FN:4,listarUnidades
FN:19,buscarUnidade
FN:38,criarUnidade
FN:52,atualizarUnidade
FNF:4
FNH:4
FNDA:2,listarUnidades
FNDA:4,buscarUnidade
FNDA:3,criarUnidade
FNDA:2,atualizarUnidade
DA:1,7
DA:2,7
DA:5,2
DA:20,4
DA:34,4
DA:35,2
DA:39,3
DA:40,3
DA:41,1
DA:46,2
DA:53,2
DA:54,1
DA:61,7
LF:13
LH:13
BRDA:34,0,0,2
BRDA:34,0,1,2
BRDA:40,1,0,1
BRDA:40,1,1,2
BRF:4
BRH:4
end_of_record
TN:
SF:src/application/estoque/estoqueService.js
FN:11,_assertUnidadeExiste
FN:20,_assertItemExiste
FN:35,_obterOuCriarEstoque
FN:55,consultarEstoquePorUnidade
FN:99,consultarSaldoItem
FN:131,registrarEntrada
FN:141,(anonymous_6)
FN:183,registrarSaida
FN:193,(anonymous_8)
FN:245,registrarAjuste
FN:255,(anonymous_10)
FN:296,listarMovimentacoes
FN:358,decrementarEstoqueParaPedido
FN:405,reverterEstoquePorCancelamento
FNF:14
FNH:14
FNDA:12,_assertUnidadeExiste
FNDA:8,_assertItemExiste
FNDA:4,_obterOuCriarEstoque
FNDA:1,consultarEstoquePorUnidade
FNDA:4,consultarSaldoItem
FNDA:2,registrarEntrada
FNDA:1,(anonymous_6)
FNDA:2,registrarSaida
FNDA:2,(anonymous_8)
FNDA:2,registrarAjuste
FNDA:1,(anonymous_10)
FNDA:3,listarMovimentacoes
FNDA:10,decrementarEstoqueParaPedido
FNDA:5,reverterEstoquePorCancelamento
DA:1,7
DA:2,7
DA:12,12
DA:13,12
DA:14,12
DA:21,8
DA:22,8
DA:23,7
DA:24,0
DA:28,7
DA:36,4
DA:40,4
DA:42,0
DA:56,1
DA:58,1
DA:60,1
DA:84,1
DA:100,4
DA:101,4
DA:103,3
DA:120,3
DA:121,0
DA:124,3
DA:132,2
DA:133,1
DA:138,1
DA:139,1
DA:141,1
DA:142,1
DA:143,1
DA:144,1
DA:146,1
DA:152,1
DA:171,1
DA:184,2
DA:185,0
DA:190,2
DA:191,2
DA:193,2
DA:194,2
DA:195,2
DA:197,2
DA:198,1
DA:206,1
DA:208,1
DA:214,1
DA:233,1
DA:246,2
DA:247,1
DA:252,1
DA:253,1
DA:255,1
DA:256,1
DA:257,1
DA:258,1
DA:260,1
DA:266,1
DA:285,1
DA:297,3
DA:299,3
DA:300,3
DA:301,3
DA:303,3
DA:305,3
DA:331,3
DA:359,10
DA:360,10
DA:364,10
DA:366,10
DA:367,0
DA:375,10
DA:378,10
DA:384,10
DA:406,5
DA:407,5
DA:411,5
DA:412,5
DA:414,5
DA:420,5
DA:437,7
LF:80
LH:75
BRDA:13,0,0,0
BRDA:13,0,1,12
BRDA:22,1,0,1
BRDA:22,1,1,7
BRDA:23,2,0,0
BRDA:23,2,1,7
BRDA:40,3,0,4
BRDA:40,3,1,0
BRDA:55,4,0,0
BRDA:55,5,0,0
BRDA:55,6,0,0
BRDA:120,7,0,0
BRDA:120,7,1,3
BRDA:132,8,0,1
BRDA:132,8,1,1
BRDA:132,9,0,2
BRDA:132,9,1,1
BRDA:161,10,0,1
BRDA:161,10,1,0
BRDA:162,11,0,1
BRDA:162,11,1,0
BRDA:184,12,0,0
BRDA:184,12,1,2
BRDA:184,13,0,2
BRDA:184,13,1,2
BRDA:197,14,0,1
BRDA:197,14,1,1
BRDA:223,15,0,1
BRDA:223,15,1,0
BRDA:224,16,0,1
BRDA:224,16,1,0
BRDA:246,17,0,1
BRDA:246,17,1,1
BRDA:246,18,0,2
BRDA:246,18,1,2
BRDA:246,18,2,2
BRDA:275,19,0,1
BRDA:275,19,1,0
BRDA:276,20,0,1
BRDA:276,20,1,0
BRDA:296,21,0,0
BRDA:296,22,0,0
BRDA:296,23,0,0
BRDA:300,24,0,1
BRDA:300,24,1,2
BRDA:301,25,0,1
BRDA:301,25,1,2
BRDA:358,26,0,0
BRDA:358,27,0,0
BRDA:364,28,0,10
BRDA:364,28,1,0
BRDA:366,29,0,0
BRDA:366,29,1,10
BRDA:393,30,0,10
BRDA:393,30,1,10
BRDA:405,31,0,0
BRDA:411,32,0,5
BRDA:411,32,1,0
BRF:58
BRH:35
end_of_record
TN:
SF:src/application/fidelidade/fidelidade.calculos.js
FN:21,calcularPontosGanhos
FN:29,calcularEquivalenteEmReais
FN:45,calcularProximoBonus
FN:59,calcularResgate
FNF:4
FNH:4
FNDA:9,calcularPontosGanhos
FNDA:7,calcularEquivalenteEmReais
FNDA:9,calcularProximoBonus
FNDA:6,calcularResgate
DA:11,8
DA:12,8
DA:13,8
DA:14,8
DA:15,8
DA:22,9
DA:30,7
DA:46,9
DA:47,9
DA:60,6
DA:61,6
DA:63,6
DA:64,4
DA:67,2
DA:68,2
DA:71,8
LF:16
LH:16
BRDA:47,0,0,3
BRDA:47,0,1,6
BRDA:63,1,0,4
BRDA:63,1,1,2
BRF:4
BRH:4
end_of_record
TN:
SF:src/application/fidelidade/fidelidadeService.js
FN:19,_assertClienteFidelidade
FN:42,_obterOuCriarPontosCliente
FN:59,consultarSaldo
FN:93,listarHistorico
FN:141,creditarPontosPorPedido
FN:218,resgatarPontos
FN:231,(anonymous_6)
FN:283,estornarPontos
FNF:8
FNH:7
FNDA:7,_assertClienteFidelidade
FNDA:2,_obterOuCriarPontosCliente
FNDA:2,consultarSaldo
FNDA:3,listarHistorico
FNDA:2,creditarPontosPorPedido
FNDA:2,resgatarPontos
FNDA:2,(anonymous_6)
FNDA:0,estornarPontos
DA:1,7
DA:2,7
DA:10,7
DA:20,7
DA:25,7
DA:27,6
DA:28,0
DA:36,6
DA:43,2
DA:44,2
DA:46,0
DA:60,2
DA:62,1
DA:73,1
DA:74,0
DA:83,1
DA:94,3
DA:96,3
DA:97,3
DA:99,3
DA:101,3
DA:119,3
DA:143,2
DA:146,2
DA:148,2
DA:149,2
DA:151,2
DA:153,2
DA:154,2
DA:157,2
DA:163,2
DA:175,2
DA:176,2
DA:177,0
DA:179,0
DA:184,0
DA:197,2
DA:219,2
DA:221,2
DA:222,2
DA:223,0
DA:231,2
DA:232,2
DA:233,2
DA:235,2
DA:236,1
DA:244,1
DA:246,1
DA:248,1
DA:253,1
DA:266,1
DA:285,0
DA:290,0
DA:292,0
DA:293,0
DA:295,0
DA:297,0
DA:302,0
DA:315,7
LF:59
LH:45
BRDA:25,0,0,1
BRDA:25,0,1,6
BRDA:27,1,0,0
BRDA:27,1,1,6
BRDA:44,2,0,2
BRDA:44,2,1,0
BRDA:73,3,0,0
BRDA:73,3,1,1
BRDA:93,4,0,0
BRDA:93,5,0,0
BRDA:93,6,0,0
BRDA:97,7,0,2
BRDA:97,7,1,1
BRDA:146,8,0,0
BRDA:146,8,1,2
BRDA:149,9,0,0
BRDA:149,9,1,2
BRDA:176,10,0,0
BRDA:176,10,1,2
BRDA:200,11,0,0
BRDA:200,11,1,2
BRDA:222,12,0,0
BRDA:222,12,1,2
BRDA:222,13,0,2
BRDA:222,13,1,2
BRDA:222,13,2,2
BRDA:233,14,0,2
BRDA:233,14,1,0
BRDA:235,15,0,1
BRDA:235,15,1,1
BRDA:235,16,0,2
BRDA:235,16,1,2
BRDA:290,17,0,0
BRDA:290,17,1,0
BRDA:293,18,0,0
BRDA:293,18,1,0
BRDA:309,19,0,0
BRDA:309,19,1,0
BRF:38
BRH:20
end_of_record
TN:
SF:src/application/pedido/pedido.rules.js
FN:24,validarTransicaoStatus
FNF:1
FNH:1
FNDA:24,validarTransicaoStatus
DA:1,8
DA:12,8
DA:25,24
DA:27,24
DA:28,13
DA:37,8
LF:6
LH:6
BRDA:25,0,0,24
BRDA:25,0,1,0
BRDA:27,1,0,13
BRDA:27,1,1,11
BRDA:29,2,0,13
BRDA:29,2,1,8
BRDA:32,3,0,13
BRDA:32,3,1,8
BRF:8
BRH:7
end_of_record
TN:
SF:src/application/pedido/pedido.validation.js
FN:75,(anonymous_0)
FN:103,formatarErrosZod
FN:104,(anonymous_2)
FNF:3
FNH:1
FNDA:13,(anonymous_0)
FNDA:0,formatarErrosZod
FNDA:0,(anonymous_2)
DA:1,7
DA:4,7
DA:7,7
DA:17,7
DA:18,7
DA:21,7
DA:26,7
DA:77,13
DA:81,0
DA:92,7
DA:104,0
DA:110,7
LF:12
LH:10
BRDA:77,0,0,0
BRDA:77,0,1,13
BRDA:78,1,0,13
BRDA:78,1,1,0
BRDA:105,2,0,0
BRDA:105,2,1,0
BRF:6
BRH:2
end_of_record
TN:
SF:src/application/pedido/pedidoService.js
FN:31,_seletorPedido
FN:71,_assertAcessoUnidade
FN:100,criarPedido
FN:189,(anonymous_3)
FN:257,(anonymous_4)
FN:262,(anonymous_5)
FN:278,(anonymous_6)
FN:322,(anonymous_7)
FN:354,(anonymous_8)
FN:382,listarPedidos
FN:430,buscarPedido
FN:447,atualizarStatus
FN:462,(anonymous_12)
FN:509,cancelarPedido
FN:541,(anonymous_14)
FN:576,listarLogsPedido
FNF:16
FNH:15
FNDA:30,_seletorPedido
FNDA:8,_assertAcessoUnidade
FNDA:13,criarPedido
FNDA:12,(anonymous_3)
FNDA:10,(anonymous_4)
FNDA:10,(anonymous_5)
FNDA:10,(anonymous_6)
FNDA:10,(anonymous_7)
FNDA:4,(anonymous_8)
FNDA:0,listarPedidos
FNDA:3,buscarPedido
FNDA:5,atualizarStatus
FNDA:4,(anonymous_12)
FNDA:3,cancelarPedido
FNDA:1,(anonymous_14)
FNDA:1,listarLogsPedido
DA:1,7
DA:8,7
DA:9,7
DA:13,7
DA:14,7
DA:15,7
DA:16,7
DA:21,7
DA:32,30
DA:72,8
DA:73,8
DA:74,8
DA:75,0
DA:109,13
DA:112,13
DA:113,13
DA:114,12
DA:115,0
DA:121,12
DA:122,12
DA:123,12
DA:127,12
DA:128,12
DA:129,12
DA:138,12
DA:139,0
DA:147,12
DA:148,0
DA:156,12
DA:157,0
DA:166,12
DA:170,12
DA:171,0
DA:179,12
DA:188,12
DA:189,12
DA:194,12
DA:195,12
DA:196,0
DA:198,0
DA:199,0
DA:203,0
DA:204,0
DA:208,0
DA:209,0
DA:213,0
DA:214,0
DA:218,0
DA:219,0
DA:222,0
DA:223,0
DA:229,0
DA:230,0
DA:234,12
DA:235,12
DA:236,12
DA:248,12
DA:252,10
DA:257,10
DA:259,10
DA:262,10
DA:268,10
DA:278,10
DA:290,10
DA:300,10
DA:301,0
DA:307,10
DA:311,10
DA:318,10
DA:319,10
DA:322,10
DA:323,10
DA:335,10
DA:340,10
DA:350,10
DA:351,4
DA:354,4
DA:362,10
DA:368,10
DA:392,0
DA:393,0
DA:395,0
DA:396,0
DA:397,0
DA:398,0
DA:399,0
DA:400,0
DA:401,0
DA:402,0
DA:405,0
DA:416,0
DA:431,3
DA:436,3
DA:438,2
DA:440,2
DA:448,5
DA:453,5
DA:455,5
DA:456,5
DA:458,4
DA:462,4
DA:463,4
DA:469,4
DA:479,4
DA:480,2
DA:486,2
DA:491,2
DA:499,4
DA:502,4
DA:510,3
DA:523,3
DA:526,3
DA:530,0
DA:533,3
DA:535,1
DA:539,1
DA:541,1
DA:542,1
DA:548,1
DA:557,1
DA:558,1
DA:567,1
DA:570,1
DA:577,1
DA:582,1
DA:584,1
DA:586,1
DA:599,7
LF:128
LH:93
BRDA:73,0,0,0
BRDA:73,0,1,8
BRDA:74,1,0,0
BRDA:74,1,1,8
BRDA:74,2,0,8
BRDA:74,2,1,7
BRDA:108,3,0,0
BRDA:113,4,0,1
BRDA:113,4,1,12
BRDA:114,5,0,0
BRDA:114,5,1,12
BRDA:121,6,0,12
BRDA:121,6,1,0
BRDA:123,7,0,0
BRDA:123,7,1,12
BRDA:138,8,0,0
BRDA:138,8,1,12
BRDA:147,9,0,0
BRDA:147,9,1,12
BRDA:156,10,0,0
BRDA:156,10,1,12
BRDA:170,11,0,0
BRDA:170,11,1,12
BRDA:170,12,0,12
BRDA:170,12,1,12
BRDA:195,13,0,0
BRDA:195,13,1,12
BRDA:198,14,0,0
BRDA:198,14,1,0
BRDA:203,15,0,0
BRDA:203,15,1,0
BRDA:208,16,0,0
BRDA:208,16,1,0
BRDA:213,17,0,0
BRDA:213,17,1,0
BRDA:213,18,0,0
BRDA:213,18,1,0
BRDA:218,19,0,0
BRDA:218,19,1,0
BRDA:222,20,0,0
BRDA:222,20,1,0
BRDA:234,21,0,12
BRDA:234,21,1,0
BRDA:248,22,0,2
BRDA:248,22,1,10
BRDA:252,23,0,10
BRDA:252,23,1,0
BRDA:271,24,0,10
BRDA:271,24,1,0
BRDA:276,25,0,10
BRDA:276,25,1,10
BRDA:300,26,0,0
BRDA:300,26,1,10
BRDA:315,27,0,10
BRDA:315,27,1,0
BRDA:319,28,0,6
BRDA:319,28,1,4
BRDA:350,29,0,4
BRDA:350,29,1,6
BRDA:382,30,0,0
BRDA:389,31,0,0
BRDA:390,32,0,0
BRDA:395,33,0,0
BRDA:395,33,1,0
BRDA:396,34,0,0
BRDA:396,34,1,0
BRDA:397,35,0,0
BRDA:397,35,1,0
BRDA:398,36,0,0
BRDA:398,36,1,0
BRDA:399,37,0,0
BRDA:399,37,1,0
BRDA:399,38,0,0
BRDA:399,38,1,0
BRDA:401,39,0,0
BRDA:401,39,1,0
BRDA:402,40,0,0
BRDA:402,40,1,0
BRDA:436,41,0,1
BRDA:436,41,1,2
BRDA:453,42,0,0
BRDA:453,42,1,5
BRDA:458,43,0,4
BRDA:458,43,1,0
BRDA:479,44,0,2
BRDA:479,44,1,2
BRDA:486,45,0,2
BRDA:486,45,1,0
BRDA:487,46,0,2
BRDA:487,46,1,2
BRDA:487,46,2,2
BRDA:523,47,0,0
BRDA:523,47,1,3
BRDA:526,48,0,0
BRDA:526,48,1,3
BRDA:527,49,0,3
BRDA:527,49,1,3
BRDA:535,50,0,1
BRDA:535,50,1,0
BRDA:557,51,0,1
BRDA:557,51,1,0
BRDA:582,52,0,0
BRDA:582,52,1,1
BRF:103
BRH:46
end_of_record
TN:
SF:src/domain/errors/index.js
FN:2,(anonymous_0)
FN:11,(anonymous_1)
FN:17,(anonymous_2)
FN:23,(anonymous_3)
FN:29,(anonymous_4)
FN:37,(anonymous_5)
FN:43,(anonymous_6)
FNF:7
FNH:3
FNDA:32,(anonymous_0)
FNDA:1,(anonymous_1)
FNDA:0,(anonymous_2)
FNDA:8,(anonymous_3)
FNDA:0,(anonymous_4)
FNDA:0,(anonymous_5)
FNDA:0,(anonymous_6)
DA:3,32
DA:4,32
DA:5,32
DA:6,32
DA:12,1
DA:18,0
DA:24,8
DA:30,0
DA:38,0
DA:44,0
DA:50,8
LF:11
LH:7
BRDA:2,0,0,11
BRDA:11,1,0,0
BRDA:23,2,0,0
BRF:3
BRH:1
end_of_record
TN:
SF:src/infrastructure/mock/pagamentoMockService.js
FN:4,processarPagamentoMock
FNF:1
FNH:1
FNDA:10,processarPagamentoMock
DA:5,10
DA:9,10
DA:10,6
DA:11,4
DA:12,4
DA:14,0
DA:17,10
DA:18,6
DA:26,4
DA:34,7
LF:10
LH:9
BRDA:5,0,0,10
BRDA:5,0,1,0
BRDA:9,1,0,6
BRDA:9,1,1,4
BRDA:11,2,0,4
BRDA:11,2,1,0
BRDA:17,3,0,6
BRDA:17,3,1,4
BRF:8
BRH:6
end_of_record
TN:
SF:src/infrastructure/prisma/client.js
FNF:0
FNH:0
DA:1,7
DA:3,7
DA:7,7
LF:3
LH:3
BRDA:4,0,0,0
BRDA:4,0,1,7
BRF:2
BRH:1
end_of_record
